<?xml version="1.0" encoding="UTF-8"?>
<testsuite xmlns:xsi="http://www.w3.org/2001/XMLSchema-instance" xsi:noNamespaceSchemaLocation="https://maven.apache.org/surefire/maven-surefire-plugin/xsd/surefire-test-report-3.0.xsd" version="3.0" name="com.presi.jms.DemoApplicationTests" time="9.367" tests="1" errors="0" skipped="0" failures="0">
  <properties>
[...]
</properties>
  <testcase name="sendAndReceive" classname="com.presi.jms.DemoApplicationTests" time="6.689">
    <system-out><![CDATA[15:06:29.975 [main] INFO org.springframework.test.context.support.AnnotationConfigContextLoaderUtils -- Could not detect default configuration classes for test class [com.presi.jms.DemoApplicationTests]: DemoApplicationTests does not declare any static, non-private, non-final, nested classes annotated with @Configuration.
15:06:30.109 [main] INFO org.springframework.boot.test.context.SpringBootTestContextBootstrapper -- Found @SpringBootConfiguration com.presi.jms.DemoApplication for test class com.presi.jms.DemoApplicationTests

  .   ____          _            __ _ _
 /\\ / ___'_ __ _ _(_)_ __  __ _ \ \ \ \
( ( )\___ | '_ | '_| | '_ \/ _` | \ \ \ \
 \\/  ___)| |_)| | | | | || (_| |  ) ) ) )
  '  |____| .__|_| |_|_| |_\__, | / / / /
 =========|_|==============|___/=/_/_/_/
 :: Spring Boot ::                (v3.1.5)

2023-11-07T15:06:30.718-03:00  INFO 17392 --- [           main] com.presi.jms.DemoApplicationTests       : Starting DemoApplicationTests using Java 17.0.8.1 with PID 17392 (started by fede_ in F:\AccenturePaths\billeterJavacoin)
2023-11-07T15:06:30.720-03:00  INFO 17392 --- [           main] com.presi.jms.DemoApplicationTests       : No active profile set, falling back to 1 default profile: "default"
2023-11-07T15:06:32.401-03:00  INFO 17392 --- [           main] com.presi.jms.DemoApplicationTests       : Started DemoApplicationTests in 2.049 seconds (process running for 4.527)
]]></system-out>
  </testcase>
</testsuite>